0 info it worked if it ends with ok
1 verbose cli [ '/usr/local/bin/node',
1 verbose cli   '/usr/local/bin/npm',
1 verbose cli   'install',
1 verbose cli   'sleep' ]
2 info using npm@3.10.8
3 info using node@v6.9.0
4 silly loadCurrentTree Starting
5 silly install loadCurrentTree
6 silly install readLocalPackageData
7 silly fetchPackageMetaData sleep
8 silly fetchNamedPackageData sleep
9 silly mapToRegistry name sleep
10 silly mapToRegistry using default registry
11 silly mapToRegistry registry https://registry.npmjs.org/
12 silly mapToRegistry data Result {
12 silly mapToRegistry   raw: 'sleep',
12 silly mapToRegistry   scope: null,
12 silly mapToRegistry   escapedName: 'sleep',
12 silly mapToRegistry   name: 'sleep',
12 silly mapToRegistry   rawSpec: '',
12 silly mapToRegistry   spec: 'latest',
12 silly mapToRegistry   type: 'tag' }
13 silly mapToRegistry uri https://registry.npmjs.org/sleep
14 verbose request uri https://registry.npmjs.org/sleep
15 verbose request no auth needed
16 info attempt registry request try #1 at 11:23:00
17 verbose request using bearer token for auth
18 verbose request id f5a47b0f1dc50fe6
19 http request GET https://registry.npmjs.org/sleep
20 http 200 https://registry.npmjs.org/sleep
21 verbose headers { 'content-type': 'application/json; charset=UTF-8',
21 verbose headers   server: 'UploadServer',
21 verbose headers   'cache-control': 'max-age=300',
21 verbose headers   'last-modified': 'Sat, 21 Oct 2017 12:42:39 GMT',
21 verbose headers   etag: '"59eb40bf-574c"',
21 verbose headers   'content-encoding': 'gzip',
21 verbose headers   'content-length': '3102',
21 verbose headers   'accept-ranges': 'bytes',
21 verbose headers   date: 'Thu, 21 Dec 2017 03:23:01 GMT',
21 verbose headers   via: '1.1 varnish',
21 verbose headers   age: '8615',
21 verbose headers   connection: 'keep-alive',
21 verbose headers   'x-served-by': 'cache-hnd18745-HND',
21 verbose headers   'x-cache': 'HIT',
21 verbose headers   'x-cache-hits': '10',
21 verbose headers   'x-timer': 'S1513826582.795927,VS0,VE0',
21 verbose headers   vary: 'Accept-Encoding, Accept' }
22 silly get cb [ 200,
22 silly get   { 'content-type': 'application/json; charset=UTF-8',
22 silly get     server: 'UploadServer',
22 silly get     'cache-control': 'max-age=300',
22 silly get     'last-modified': 'Sat, 21 Oct 2017 12:42:39 GMT',
22 silly get     etag: '"59eb40bf-574c"',
22 silly get     'content-encoding': 'gzip',
22 silly get     'content-length': '3102',
22 silly get     'accept-ranges': 'bytes',
22 silly get     date: 'Thu, 21 Dec 2017 03:23:01 GMT',
22 silly get     via: '1.1 varnish',
22 silly get     age: '8615',
22 silly get     connection: 'keep-alive',
22 silly get     'x-served-by': 'cache-hnd18745-HND',
22 silly get     'x-cache': 'HIT',
22 silly get     'x-cache-hits': '10',
22 silly get     'x-timer': 'S1513826582.795927,VS0,VE0',
22 silly get     vary: 'Accept-Encoding, Accept' } ]
23 verbose get saving sleep to /home/gaonan-iri/.npm/registry.npmjs.org/sleep/.cache.json
24 verbose correctMkdir /home/gaonan-iri/.npm correctMkdir not in flight; initializing
25 silly install normalizeTree
26 silly loadCurrentTree Finishing
27 silly loadIdealTree Starting
28 silly install loadIdealTree
29 silly cloneCurrentTree Starting
30 silly install cloneCurrentTreeToIdealTree
31 silly cloneCurrentTree Finishing
32 silly loadShrinkwrap Starting
33 silly install loadShrinkwrap
34 silly loadShrinkwrap Finishing
35 silly loadAllDepsIntoIdealTree Starting
36 silly install loadAllDepsIntoIdealTree
37 silly resolveWithNewModule sleep@5.1.1 checking installable status
38 silly cache add args [ 'sleep', null ]
39 verbose cache add spec sleep
40 silly cache add parsed spec Result {
40 silly cache add   raw: 'sleep',
40 silly cache add   scope: null,
40 silly cache add   escapedName: 'sleep',
40 silly cache add   name: 'sleep',
40 silly cache add   rawSpec: '',
40 silly cache add   spec: 'latest',
40 silly cache add   type: 'tag' }
41 silly addNamed sleep@latest
42 verbose addNamed "latest" is being treated as a dist-tag for sleep
43 info addNameTag [ 'sleep', 'latest' ]
44 silly mapToRegistry name sleep
45 silly mapToRegistry using default registry
46 silly mapToRegistry registry https://registry.npmjs.org/
47 silly mapToRegistry data Result {
47 silly mapToRegistry   raw: 'sleep',
47 silly mapToRegistry   scope: null,
47 silly mapToRegistry   escapedName: 'sleep',
47 silly mapToRegistry   name: 'sleep',
47 silly mapToRegistry   rawSpec: '',
47 silly mapToRegistry   spec: 'latest',
47 silly mapToRegistry   type: 'tag' }
48 silly mapToRegistry uri https://registry.npmjs.org/sleep
49 verbose addNameTag registry:https://registry.npmjs.org/sleep not in flight; fetching
50 verbose get https://registry.npmjs.org/sleep not expired, no request
51 silly addNameTag next cb for sleep with tag latest
52 silly addNamed sleep@5.1.1
53 verbose addNamed "5.1.1" is a plain semver version for sleep
54 silly mapToRegistry name sleep
55 silly mapToRegistry using default registry
56 silly mapToRegistry registry https://registry.npmjs.org/
57 silly mapToRegistry data Result {
57 silly mapToRegistry   raw: 'sleep',
57 silly mapToRegistry   scope: null,
57 silly mapToRegistry   escapedName: 'sleep',
57 silly mapToRegistry   name: 'sleep',
57 silly mapToRegistry   rawSpec: '',
57 silly mapToRegistry   spec: 'latest',
57 silly mapToRegistry   type: 'tag' }
58 silly mapToRegistry uri https://registry.npmjs.org/sleep
59 verbose addRemoteTarball https://registry.npmjs.org/sleep/-/sleep-5.1.1.tgz not in flight; adding
60 verbose addRemoteTarball [ 'https://registry.npmjs.org/sleep/-/sleep-5.1.1.tgz',
60 verbose addRemoteTarball   '878fa1d44d08eeb0f26fb2018ef8629eb1a3ab94' ]
61 info retry fetch attempt 1 at 11:23:02
62 info attempt registry request try #1 at 11:23:02
63 http fetch GET https://registry.npmjs.org/sleep/-/sleep-5.1.1.tgz
64 verbose request using bearer token for auth
65 http fetch 200 https://registry.npmjs.org/sleep/-/sleep-5.1.1.tgz
66 silly fetchAndShaCheck shasum 878fa1d44d08eeb0f26fb2018ef8629eb1a3ab94
67 verbose addTmpTarball /tmp/npm-16519-15f84c2d/registry.npmjs.org/sleep/-/sleep-5.1.1.tgz not in flight; adding
68 verbose addTmpTarball already have metadata; skipping unpack for sleep@5.1.1
69 verbose correctMkdir /home/gaonan-iri/.npm correctMkdir not in flight; initializing
70 silly cache afterAdd sleep@5.1.1
71 verbose afterAdd /home/gaonan-iri/.npm/sleep/5.1.1/package/package.json not in flight; writing
72 verbose correctMkdir /home/gaonan-iri/.npm correctMkdir not in flight; initializing
73 verbose afterAdd /home/gaonan-iri/.npm/sleep/5.1.1/package/package.json written
74 silly fetchNamedPackageData nan
75 silly mapToRegistry name nan
76 silly mapToRegistry using default registry
77 silly mapToRegistry registry https://registry.npmjs.org/
78 silly mapToRegistry data Result {
78 silly mapToRegistry   raw: 'nan',
78 silly mapToRegistry   scope: null,
78 silly mapToRegistry   escapedName: 'nan',
78 silly mapToRegistry   name: 'nan',
78 silly mapToRegistry   rawSpec: '',
78 silly mapToRegistry   spec: 'latest',
78 silly mapToRegistry   type: 'tag' }
79 silly mapToRegistry uri https://registry.npmjs.org/nan
80 verbose request uri https://registry.npmjs.org/nan
81 verbose request no auth needed
82 info attempt registry request try #1 at 11:23:02
83 verbose request using bearer token for auth
84 verbose etag W/"58ee904e-1f9bf"
85 verbose lastModified Wed, 12 Apr 2017 20:38:38 GMT
86 http request GET https://registry.npmjs.org/nan
87 http 200 https://registry.npmjs.org/nan
88 verbose headers { 'content-type': 'application/json; charset=UTF-8',
88 verbose headers   server: 'UploadServer',
88 verbose headers   'cache-control': 'max-age=300',
88 verbose headers   'last-modified': 'Wed, 20 Dec 2017 21:36:49 GMT',
88 verbose headers   etag: '"5a3ad7f1-20c2f"',
88 verbose headers   'content-encoding': 'gzip',
88 verbose headers   'content-length': '15708',
88 verbose headers   'accept-ranges': 'bytes',
88 verbose headers   date: 'Thu, 21 Dec 2017 03:23:02 GMT',
88 verbose headers   via: '1.1 varnish',
88 verbose headers   age: '6305',
88 verbose headers   connection: 'keep-alive',
88 verbose headers   'x-served-by': 'cache-hnd18745-HND',
88 verbose headers   'x-cache': 'HIT',
88 verbose headers   'x-cache-hits': '58',
88 verbose headers   'x-timer': 'S1513826583.828188,VS0,VE0',
88 verbose headers   vary: 'Accept-Encoding, Accept' }
89 silly get cb [ 200,
89 silly get   { 'content-type': 'application/json; charset=UTF-8',
89 silly get     server: 'UploadServer',
89 silly get     'cache-control': 'max-age=300',
89 silly get     'last-modified': 'Wed, 20 Dec 2017 21:36:49 GMT',
89 silly get     etag: '"5a3ad7f1-20c2f"',
89 silly get     'content-encoding': 'gzip',
89 silly get     'content-length': '15708',
89 silly get     'accept-ranges': 'bytes',
89 silly get     date: 'Thu, 21 Dec 2017 03:23:02 GMT',
89 silly get     via: '1.1 varnish',
89 silly get     age: '6305',
89 silly get     connection: 'keep-alive',
89 silly get     'x-served-by': 'cache-hnd18745-HND',
89 silly get     'x-cache': 'HIT',
89 silly get     'x-cache-hits': '58',
89 silly get     'x-timer': 'S1513826583.828188,VS0,VE0',
89 silly get     vary: 'Accept-Encoding, Accept' } ]
90 verbose get saving nan to /home/gaonan-iri/.npm/registry.npmjs.org/nan/.cache.json
91 verbose correctMkdir /home/gaonan-iri/.npm correctMkdir not in flight; initializing
92 silly resolveWithNewModule nan@2.8.0 checking installable status
93 silly cache add args [ 'nan@>=2.5.1', null ]
94 verbose cache add spec nan@>=2.5.1
95 silly cache add parsed spec Result {
95 silly cache add   raw: 'nan@>=2.5.1',
95 silly cache add   scope: null,
95 silly cache add   escapedName: 'nan',
95 silly cache add   name: 'nan',
95 silly cache add   rawSpec: '>=2.5.1',
95 silly cache add   spec: '>=2.5.1',
95 silly cache add   type: 'range' }
96 silly addNamed nan@>=2.5.1
97 verbose addNamed ">=2.5.1" is a valid semver range for nan
98 silly addNameRange { name: 'nan', range: '>=2.5.1', hasData: false }
99 silly mapToRegistry name nan
100 silly mapToRegistry using default registry
101 silly mapToRegistry registry https://registry.npmjs.org/
102 silly mapToRegistry data Result {
102 silly mapToRegistry   raw: 'nan',
102 silly mapToRegistry   scope: null,
102 silly mapToRegistry   escapedName: 'nan',
102 silly mapToRegistry   name: 'nan',
102 silly mapToRegistry   rawSpec: '',
102 silly mapToRegistry   spec: 'latest',
102 silly mapToRegistry   type: 'tag' }
103 silly mapToRegistry uri https://registry.npmjs.org/nan
104 verbose addNameRange registry:https://registry.npmjs.org/nan not in flight; fetching
105 verbose get https://registry.npmjs.org/nan not expired, no request
106 silly addNameRange number 2 { name: 'nan', range: '>=2.5.1', hasData: true }
107 silly addNameRange versions [ 'nan',
107 silly addNameRange   [ '0.3.0-wip',
107 silly addNameRange     '0.3.0-wip2',
107 silly addNameRange     '0.3.0',
107 silly addNameRange     '0.3.1',
107 silly addNameRange     '0.3.2',
107 silly addNameRange     '0.4.0',
107 silly addNameRange     '0.4.1',
107 silly addNameRange     '0.4.2',
107 silly addNameRange     '0.4.3',
107 silly addNameRange     '0.4.4',
107 silly addNameRange     '0.5.0',
107 silly addNameRange     '0.5.1',
107 silly addNameRange     '0.5.2',
107 silly addNameRange     '0.6.0',
107 silly addNameRange     '0.7.0',
107 silly addNameRange     '0.7.1',
107 silly addNameRange     '0.8.0',
107 silly addNameRange     '1.0.0',
107 silly addNameRange     '1.1.0',
107 silly addNameRange     '1.1.1',
107 silly addNameRange     '1.1.2',
107 silly addNameRange     '1.2.0',
107 silly addNameRange     '1.3.0',
107 silly addNameRange     '1.4.0',
107 silly addNameRange     '1.4.1',
107 silly addNameRange     '1.5.0',
107 silly addNameRange     '1.4.2',
107 silly addNameRange     '1.4.3',
107 silly addNameRange     '1.5.1',
107 silly addNameRange     '1.5.2',
107 silly addNameRange     '1.6.0',
107 silly addNameRange     '1.5.3',
107 silly addNameRange     '1.6.1',
107 silly addNameRange     '1.6.2',
107 silly addNameRange     '1.7.0',
107 silly addNameRange     '1.8.0',
107 silly addNameRange     '1.8.1',
107 silly addNameRange     '1.8.2',
107 silly addNameRange     '1.8.3',
107 silly addNameRange     '1.8.4',
107 silly addNameRange     '1.9.0',
107 silly addNameRange     '2.0.0',
107 silly addNameRange     '2.0.1',
107 silly addNameRange     '2.0.2',
107 silly addNameRange     '2.0.3',
107 silly addNameRange     '2.0.4',
107 silly addNameRange     '2.0.5',
107 silly addNameRange     '2.0.6',
107 silly addNameRange     '2.0.7',
107 silly addNameRange     '2.0.8',
107 silly addNameRange     '2.0.9',
107 silly addNameRange     '2.1.0',
107 silly addNameRange     '2.2.0',
107 silly addNameRange     '2.2.1',
107 silly addNameRange     '2.3.0',
107 silly addNameRange     '2.3.1',
107 silly addNameRange     '2.3.2',
107 silly addNameRange     '2.3.3',
107 silly addNameRange     '2.3.4',
107 silly addNameRange     '2.3.5',
107 silly addNameRange     '2.4.0',
107 silly addNameRange     '2.5.0',
107 silly addNameRange     '2.5.1',
107 silly addNameRange     '2.6.0',
107 silly addNameRange     '2.6.1',
107 silly addNameRange     '2.6.2',
107 silly addNameRange     '2.7.0',
107 silly addNameRange     '2.8.0' ] ]
108 silly addNamed nan@2.8.0
109 verbose addNamed "2.8.0" is a plain semver version for nan
110 silly mapToRegistry name nan
111 silly mapToRegistry using default registry
112 silly mapToRegistry registry https://registry.npmjs.org/
113 silly mapToRegistry data Result {
113 silly mapToRegistry   raw: 'nan',
113 silly mapToRegistry   scope: null,
113 silly mapToRegistry   escapedName: 'nan',
113 silly mapToRegistry   name: 'nan',
113 silly mapToRegistry   rawSpec: '',
113 silly mapToRegistry   spec: 'latest',
113 silly mapToRegistry   type: 'tag' }
114 silly mapToRegistry uri https://registry.npmjs.org/nan
115 verbose addRemoteTarball https://registry.npmjs.org/nan/-/nan-2.8.0.tgz not in flight; adding
116 verbose addRemoteTarball [ 'https://registry.npmjs.org/nan/-/nan-2.8.0.tgz',
116 verbose addRemoteTarball   'ed715f3fe9de02b57a5e6252d90a96675e1f085a' ]
117 info retry fetch attempt 1 at 11:23:03
118 info attempt registry request try #1 at 11:23:03
119 http fetch GET https://registry.npmjs.org/nan/-/nan-2.8.0.tgz
120 verbose request using bearer token for auth
121 http fetch 200 https://registry.npmjs.org/nan/-/nan-2.8.0.tgz
122 silly fetchAndShaCheck shasum ed715f3fe9de02b57a5e6252d90a96675e1f085a
123 verbose addTmpTarball /tmp/npm-16519-15f84c2d/registry.npmjs.org/nan/-/nan-2.8.0.tgz not in flight; adding
124 verbose addTmpTarball already have metadata; skipping unpack for nan@2.8.0
125 verbose correctMkdir /home/gaonan-iri/.npm correctMkdir not in flight; initializing
126 silly cache afterAdd nan@2.8.0
127 verbose afterAdd /home/gaonan-iri/.npm/nan/2.8.0/package/package.json not in flight; writing
128 verbose correctMkdir /home/gaonan-iri/.npm correctMkdir not in flight; initializing
129 verbose afterAdd /home/gaonan-iri/.npm/nan/2.8.0/package/package.json written
130 silly loadAllDepsIntoIdealTree Finishing
131 silly loadIdealTree Finishing
132 silly currentTree server-push@0.0.0
132 silly currentTree ├── accepts@1.3.4
132 silly currentTree ├── acorn-globals@1.0.9
132 silly currentTree ├── acorn@2.7.0
132 silly currentTree ├── align-text@0.1.4
132 silly currentTree ├── amdefine@1.0.1
132 silly currentTree ├── array-flatten@1.1.1
132 silly currentTree ├── asap@1.0.0
132 silly currentTree ├── basic-auth@2.0.0
132 silly currentTree ├── body-parser@1.18.2
132 silly currentTree ├── bytes@3.0.0
132 silly currentTree ├── camelcase@1.2.1
132 silly currentTree ├── center-align@0.1.3
132 silly currentTree ├── character-parser@1.2.1
132 silly currentTree ├─┬ clean-css@3.4.28
132 silly currentTree │ └── commander@2.8.1
132 silly currentTree ├─┬ cliui@2.1.0
132 silly currentTree │ └── wordwrap@0.0.2
132 silly currentTree ├── commander@2.6.0
132 silly currentTree ├── constantinople@3.0.2
132 silly currentTree ├── content-disposition@0.5.2
132 silly currentTree ├── content-type@1.0.4
132 silly currentTree ├── cookie-parser@1.4.3
132 silly currentTree ├── cookie-signature@1.0.6
132 silly currentTree ├── cookie@0.3.1
132 silly currentTree ├── css-parse@1.0.4
132 silly currentTree ├── css-stringify@1.0.5
132 silly currentTree ├── css@1.0.8
132 silly currentTree ├── debug@2.6.9
132 silly currentTree ├── decamelize@1.2.0
132 silly currentTree ├── depd@1.1.1
132 silly currentTree ├── destroy@1.0.4
132 silly currentTree ├── ee-first@1.1.1
132 silly currentTree ├── encodeurl@1.0.1
132 silly currentTree ├── escape-html@1.0.3
132 silly currentTree ├── etag@1.8.1
132 silly currentTree ├─┬ express@4.15.5
132 silly currentTree │ ├── qs@6.5.0
132 silly currentTree │ └── statuses@1.3.1
132 silly currentTree ├─┬ finalhandler@1.0.6
132 silly currentTree │ └── statuses@1.3.1
132 silly currentTree ├── forwarded@0.1.2
132 silly currentTree ├── fresh@0.5.2
132 silly currentTree ├── graceful-readlink@1.0.1
132 silly currentTree ├── http-errors@1.6.2
132 silly currentTree ├── iconv-lite@0.4.19
132 silly currentTree ├── inherits@2.0.3
132 silly currentTree ├── ipaddr.js@1.4.0
132 silly currentTree ├── is-buffer@1.1.6
132 silly currentTree ├── is-promise@2.1.0
132 silly currentTree ├── jade@1.11.0
132 silly currentTree ├── jstransformer@0.0.2
132 silly currentTree ├── kind-of@3.2.2
132 silly currentTree ├── lazy-cache@1.0.4
132 silly currentTree ├── longest@1.0.1
132 silly currentTree ├── media-typer@0.3.0
132 silly currentTree ├── merge-descriptors@1.0.1
132 silly currentTree ├── methods@1.1.2
132 silly currentTree ├── mime-db@1.30.0
132 silly currentTree ├── mime-types@2.1.17
132 silly currentTree ├── mime@1.3.4
132 silly currentTree ├── minimist@0.0.8
132 silly currentTree ├── mkdirp@0.5.1
132 silly currentTree ├── morgan@1.9.0
132 silly currentTree ├── ms@2.0.0
132 silly currentTree ├── negotiator@0.6.1
132 silly currentTree ├── on-finished@2.3.0
132 silly currentTree ├── on-headers@1.0.1
132 silly currentTree ├── optimist@0.3.7
132 silly currentTree ├── parseurl@1.3.2
132 silly currentTree ├── path-to-regexp@0.1.7
132 silly currentTree ├── promise@6.1.0
132 silly currentTree ├── proxy-addr@1.1.5
132 silly currentTree ├── qs@6.5.1
132 silly currentTree ├── range-parser@1.2.0
132 silly currentTree ├── raw-body@2.3.2
132 silly currentTree ├── repeat-string@1.6.1
132 silly currentTree ├── right-align@0.1.3
132 silly currentTree ├── safe-buffer@5.1.1
132 silly currentTree ├─┬ send@0.15.6
132 silly currentTree │ └── statuses@1.3.1
132 silly currentTree ├── serve-favicon@2.4.5
132 silly currentTree ├── serve-static@1.12.6
132 silly currentTree ├── setprototypeof@1.0.3
132 silly currentTree ├── source-map@0.4.4
132 silly currentTree ├── statuses@1.4.0
132 silly currentTree ├─┬ transformers@2.1.0
132 silly currentTree │ ├── is-promise@1.0.1
132 silly currentTree │ ├── promise@2.0.0
132 silly currentTree │ ├── source-map@0.1.43
132 silly currentTree │ └── uglify-js@2.2.5
132 silly currentTree ├── type-is@1.6.15
132 silly currentTree ├─┬ uglify-js@2.8.29
132 silly currentTree │ └── source-map@0.5.7
132 silly currentTree ├── uglify-to-browserify@1.0.2
132 silly currentTree ├── unpipe@1.0.0
132 silly currentTree ├── utils-merge@1.0.0
132 silly currentTree ├── vary@1.1.2
132 silly currentTree ├── void-elements@2.0.1
132 silly currentTree ├── window-size@0.1.0
132 silly currentTree ├─┬ with@4.0.3
132 silly currentTree │ └── acorn@1.2.2
132 silly currentTree ├── wordwrap@0.0.3
132 silly currentTree └── yargs@3.10.0
133 silly idealTree server-push@0.0.0
133 silly idealTree ├── accepts@1.3.4
133 silly idealTree ├── acorn-globals@1.0.9
133 silly idealTree ├── acorn@2.7.0
133 silly idealTree ├── align-text@0.1.4
133 silly idealTree ├── amdefine@1.0.1
133 silly idealTree ├── array-flatten@1.1.1
133 silly idealTree ├── asap@1.0.0
133 silly idealTree ├── basic-auth@2.0.0
133 silly idealTree ├── body-parser@1.18.2
133 silly idealTree ├── bytes@3.0.0
133 silly idealTree ├── camelcase@1.2.1
133 silly idealTree ├── center-align@0.1.3
133 silly idealTree ├── character-parser@1.2.1
133 silly idealTree ├─┬ clean-css@3.4.28
133 silly idealTree │ └── commander@2.8.1
133 silly idealTree ├─┬ cliui@2.1.0
133 silly idealTree │ └── wordwrap@0.0.2
133 silly idealTree ├── commander@2.6.0
133 silly idealTree ├── constantinople@3.0.2
133 silly idealTree ├── content-disposition@0.5.2
133 silly idealTree ├── content-type@1.0.4
133 silly idealTree ├── cookie-parser@1.4.3
133 silly idealTree ├── cookie-signature@1.0.6
133 silly idealTree ├── cookie@0.3.1
133 silly idealTree ├── css-parse@1.0.4
133 silly idealTree ├── css-stringify@1.0.5
133 silly idealTree ├── css@1.0.8
133 silly idealTree ├── debug@2.6.9
133 silly idealTree ├── decamelize@1.2.0
133 silly idealTree ├── depd@1.1.1
133 silly idealTree ├── destroy@1.0.4
133 silly idealTree ├── ee-first@1.1.1
133 silly idealTree ├── encodeurl@1.0.1
133 silly idealTree ├── escape-html@1.0.3
133 silly idealTree ├── etag@1.8.1
133 silly idealTree ├─┬ express@4.15.5
133 silly idealTree │ ├── qs@6.5.0
133 silly idealTree │ └── statuses@1.3.1
133 silly idealTree ├─┬ finalhandler@1.0.6
133 silly idealTree │ └── statuses@1.3.1
133 silly idealTree ├── forwarded@0.1.2
133 silly idealTree ├── fresh@0.5.2
133 silly idealTree ├── graceful-readlink@1.0.1
133 silly idealTree ├── http-errors@1.6.2
133 silly idealTree ├── iconv-lite@0.4.19
133 silly idealTree ├── inherits@2.0.3
133 silly idealTree ├── ipaddr.js@1.4.0
133 silly idealTree ├── is-buffer@1.1.6
133 silly idealTree ├── is-promise@2.1.0
133 silly idealTree ├── jade@1.11.0
133 silly idealTree ├── jstransformer@0.0.2
133 silly idealTree ├── kind-of@3.2.2
133 silly idealTree ├── lazy-cache@1.0.4
133 silly idealTree ├── longest@1.0.1
133 silly idealTree ├── media-typer@0.3.0
133 silly idealTree ├── merge-descriptors@1.0.1
133 silly idealTree ├── methods@1.1.2
133 silly idealTree ├── mime-db@1.30.0
133 silly idealTree ├── mime-types@2.1.17
133 silly idealTree ├── mime@1.3.4
133 silly idealTree ├── minimist@0.0.8
133 silly idealTree ├── mkdirp@0.5.1
133 silly idealTree ├── morgan@1.9.0
133 silly idealTree ├── ms@2.0.0
133 silly idealTree ├── nan@2.8.0
133 silly idealTree ├── negotiator@0.6.1
133 silly idealTree ├── on-finished@2.3.0
133 silly idealTree ├── on-headers@1.0.1
133 silly idealTree ├── optimist@0.3.7
133 silly idealTree ├── parseurl@1.3.2
133 silly idealTree ├── path-to-regexp@0.1.7
133 silly idealTree ├── promise@6.1.0
133 silly idealTree ├── proxy-addr@1.1.5
133 silly idealTree ├── qs@6.5.1
133 silly idealTree ├── range-parser@1.2.0
133 silly idealTree ├── raw-body@2.3.2
133 silly idealTree ├── repeat-string@1.6.1
133 silly idealTree ├── right-align@0.1.3
133 silly idealTree ├── safe-buffer@5.1.1
133 silly idealTree ├─┬ send@0.15.6
133 silly idealTree │ └── statuses@1.3.1
133 silly idealTree ├── serve-favicon@2.4.5
133 silly idealTree ├── serve-static@1.12.6
133 silly idealTree ├── setprototypeof@1.0.3
133 silly idealTree ├── sleep@5.1.1
133 silly idealTree ├── source-map@0.4.4
133 silly idealTree ├── statuses@1.4.0
133 silly idealTree ├─┬ transformers@2.1.0
133 silly idealTree │ ├── is-promise@1.0.1
133 silly idealTree │ ├── promise@2.0.0
133 silly idealTree │ ├── source-map@0.1.43
133 silly idealTree │ └── uglify-js@2.2.5
133 silly idealTree ├── type-is@1.6.15
133 silly idealTree ├─┬ uglify-js@2.8.29
133 silly idealTree │ └── source-map@0.5.7
133 silly idealTree ├── uglify-to-browserify@1.0.2
133 silly idealTree ├── unpipe@1.0.0
133 silly idealTree ├── utils-merge@1.0.0
133 silly idealTree ├── vary@1.1.2
133 silly idealTree ├── void-elements@2.0.1
133 silly idealTree ├── window-size@0.1.0
133 silly idealTree ├─┬ with@4.0.3
133 silly idealTree │ └── acorn@1.2.2
133 silly idealTree ├── wordwrap@0.0.3
133 silly idealTree └── yargs@3.10.0
134 silly generateActionsToTake Starting
135 silly install generateActionsToTake
136 silly generateActionsToTake Finishing
137 silly diffTrees action count 2
138 silly diffTrees add nan@2.8.0
139 silly diffTrees add sleep@5.1.1
140 silly decomposeActions action count 16
141 silly decomposeActions fetch nan@2.8.0
142 silly decomposeActions extract nan@2.8.0
143 silly decomposeActions test nan@2.8.0
144 silly decomposeActions preinstall nan@2.8.0
145 silly decomposeActions build nan@2.8.0
146 silly decomposeActions install nan@2.8.0
147 silly decomposeActions postinstall nan@2.8.0
148 silly decomposeActions finalize nan@2.8.0
149 silly decomposeActions fetch sleep@5.1.1
150 silly decomposeActions extract sleep@5.1.1
151 silly decomposeActions test sleep@5.1.1
152 silly decomposeActions preinstall sleep@5.1.1
153 silly decomposeActions build sleep@5.1.1
154 silly decomposeActions install sleep@5.1.1
155 silly decomposeActions postinstall sleep@5.1.1
156 silly decomposeActions finalize sleep@5.1.1
157 silly runTopLevelLifecycles Starting
158 silly executeActions Starting
159 silly install executeActions
160 silly doSerial global-install 0
161 silly doParallel fetch 2
162 verbose correctMkdir /home/gaonan-iri/.npm/_locks correctMkdir not in flight; initializing
163 verbose lock using /home/gaonan-iri/.npm/_locks/staging-0c4829c2f71f6dbd.lock for /home/gaonan-iri/server-push/node_modules/.staging
164 silly doParallel extract 2
165 silly extract nan@2.8.0
166 silly extract sleep@5.1.1
167 verbose unbuild node_modules/.staging/nan-fa1d4433
168 verbose unbuild node_modules/.staging/sleep-938d34b1
169 silly gentlyRm /home/gaonan-iri/server-push/node_modules/.staging/nan-fa1d4433 is being purged from base /home/gaonan-iri/server-push
170 verbose gentlyRm don't care about contents; nuking /home/gaonan-iri/server-push/node_modules/.staging/nan-fa1d4433
171 silly gentlyRm /home/gaonan-iri/server-push/node_modules/.staging/sleep-938d34b1 is being purged from base /home/gaonan-iri/server-push
172 verbose gentlyRm don't care about contents; nuking /home/gaonan-iri/server-push/node_modules/.staging/sleep-938d34b1
173 verbose tar unpack /home/gaonan-iri/.npm/nan/2.8.0/package.tgz
174 verbose tar unpacking to /home/gaonan-iri/server-push/node_modules/.staging/nan-fa1d4433
175 silly gentlyRm /home/gaonan-iri/server-push/node_modules/.staging/nan-fa1d4433 is being purged
176 verbose gentlyRm don't care about contents; nuking /home/gaonan-iri/server-push/node_modules/.staging/nan-fa1d4433
177 verbose tar unpack /home/gaonan-iri/.npm/sleep/5.1.1/package.tgz
178 verbose tar unpacking to /home/gaonan-iri/server-push/node_modules/.staging/sleep-938d34b1
179 silly gentlyRm /home/gaonan-iri/server-push/node_modules/.staging/sleep-938d34b1 is being purged
180 verbose gentlyRm don't care about contents; nuking /home/gaonan-iri/server-push/node_modules/.staging/sleep-938d34b1
181 silly gunzTarPerm modes [ '775', '664' ]
182 silly gunzTarPerm modes [ '775', '664' ]
183 silly gunzTarPerm extractEntry package.json
184 silly gunzTarPerm extractEntry package.json
185 silly gunzTarPerm extractEntry README.md
186 silly gunzTarPerm extractEntry .npmignore
187 silly gunzTarPerm extractEntry README.md
188 silly gunzTarPerm extractEntry include_dirs.js
189 silly gunzTarPerm extractEntry nan_converters_43_inl.h
190 silly gunzTarPerm extractEntry LICENSE.md
191 silly gunzTarPerm extractEntry doc/new.md
192 silly gunzTarPerm extractEntry test.js
193 silly gunzTarPerm extractEntry index.js
194 silly gunzTarPerm extractEntry doc/asyncworker.md
195 silly gunzTarPerm extractEntry LICENSE.txt
196 silly gunzTarPerm extractEntry sleep.cc
197 silly gunzTarPerm extractEntry doc/callback.md
198 silly gunzTarPerm extractEntry doc/converters.md
199 silly gunzTarPerm extractEntry binding.gyp
200 silly gunzTarPerm extractEntry doc/errors.md
201 silly gunzTarPerm extractEntry doc/json.md
202 silly gunzTarPerm extractEntry doc/maybe_types.md
203 silly gunzTarPerm extractEntry doc/methods.md
204 silly gunzTarPerm extractEntry doc/buffers.md
205 silly gunzTarPerm extractEntry doc/node_misc.md
206 silly gunzTarPerm extractEntry doc/object_wrappers.md
207 silly gunzTarPerm extractEntry doc/persistent.md
208 silly gunzTarPerm extractEntry doc/scopes.md
209 silly gunzTarPerm extractEntry doc/script.md
210 silly gunzTarPerm extractEntry doc/string_bytes.md
211 silly gunzTarPerm extractEntry doc/v8_internals.md
212 silly gunzTarPerm extractEntry doc/v8_misc.md
213 silly gunzTarPerm extractEntry nan.h
214 silly gentlyRm /home/gaonan-iri/server-push/node_modules/.staging/sleep-938d34b1/node_modules is being purged
215 verbose gentlyRm don't care about contents; nuking /home/gaonan-iri/server-push/node_modules/.staging/sleep-938d34b1/node_modules
216 silly gunzTarPerm extractEntry nan_callbacks.h
217 silly gunzTarPerm extractEntry nan_callbacks_12_inl.h
218 silly gunzTarPerm extractEntry nan_callbacks_pre_12_inl.h
219 silly gunzTarPerm extractEntry nan_converters.h
220 silly gunzTarPerm extractEntry nan_converters_pre_43_inl.h
221 silly gunzTarPerm extractEntry nan_implementation_12_inl.h
222 silly gunzTarPerm extractEntry nan_implementation_pre_12_inl.h
223 silly gunzTarPerm extractEntry nan_json.h
224 silly gunzTarPerm extractEntry nan_maybe_43_inl.h
225 silly gunzTarPerm extractEntry nan_maybe_pre_43_inl.h
226 silly gunzTarPerm extractEntry nan_new.h
227 silly gunzTarPerm extractEntry nan_object_wrap.h
228 silly gunzTarPerm extractEntry nan_persistent_12_inl.h
229 silly gunzTarPerm extractEntry nan_persistent_pre_12_inl.h
230 silly gunzTarPerm extractEntry nan_private.h
231 silly gunzTarPerm extractEntry nan_string_bytes.h
232 silly gunzTarPerm extractEntry nan_typedarray_contents.h
233 silly gunzTarPerm extractEntry nan_weak.h
234 silly gunzTarPerm extractEntry CHANGELOG.md
235 silly gunzTarPerm extractEntry tools/package.json
236 silly gunzTarPerm extractEntry tools/README.md
237 silly gunzTarPerm extractEntry tools/1to2.js
238 silly gentlyRm /home/gaonan-iri/server-push/node_modules/.staging/nan-fa1d4433/node_modules is being purged
239 verbose gentlyRm don't care about contents; nuking /home/gaonan-iri/server-push/node_modules/.staging/nan-fa1d4433/node_modules
240 silly doParallel preinstall 2
241 silly preinstall nan@2.8.0 /home/gaonan-iri/server-push/node_modules/.staging/nan-fa1d4433
242 info lifecycle nan@2.8.0~preinstall: nan@2.8.0
243 silly preinstall sleep@5.1.1 /home/gaonan-iri/server-push/node_modules/.staging/sleep-938d34b1
244 info lifecycle sleep@5.1.1~preinstall: sleep@5.1.1
245 silly lifecycle nan@2.8.0~preinstall: no script for preinstall, continuing
246 silly lifecycle sleep@5.1.1~preinstall: no script for preinstall, continuing
247 silly doReverseSerial remove 0
248 silly doSerial move 0
249 silly doSerial finalize 2
250 silly finalize /home/gaonan-iri/server-push/node_modules/nan
251 silly finalize /home/gaonan-iri/server-push/node_modules/sleep
252 silly doSerial build 2
253 silly build nan@2.8.0
254 info linkStuff nan@2.8.0
255 silly linkStuff nan@2.8.0 has /home/gaonan-iri/server-push/node_modules as its parent node_modules
256 verbose linkBins nan@2.8.0
257 verbose linkMans nan@2.8.0
258 silly build sleep@5.1.1
259 info linkStuff sleep@5.1.1
260 silly linkStuff sleep@5.1.1 has /home/gaonan-iri/server-push/node_modules as its parent node_modules
261 verbose linkBins sleep@5.1.1
262 verbose linkMans sleep@5.1.1
263 silly doSerial global-link 0
264 silly doParallel update-linked 0
265 silly doSerial install 2
266 silly install nan@2.8.0 /home/gaonan-iri/server-push/node_modules/.staging/nan-fa1d4433
267 info lifecycle nan@2.8.0~install: nan@2.8.0
268 silly lifecycle nan@2.8.0~install: no script for install, continuing
269 silly install sleep@5.1.1 /home/gaonan-iri/server-push/node_modules/.staging/sleep-938d34b1
270 info lifecycle sleep@5.1.1~install: sleep@5.1.1
271 verbose lifecycle sleep@5.1.1~install: unsafe-perm in lifecycle true
272 verbose lifecycle sleep@5.1.1~install: PATH: /usr/local/lib/node_modules/npm/bin/node-gyp-bin:/home/gaonan-iri/server-push/node_modules/sleep/node_modules/.bin:/home/gaonan-iri/server-push/node_modules/.bin:/usr/java/jdk1.8.0_111/bin:/sbin:/usr/sbin:/usr/local/sbin:/usr/kerberos/bin:/usr/local/bin:/bin:/usr/bin:/usr/local/bin
273 verbose lifecycle sleep@5.1.1~install: CWD: /home/gaonan-iri/server-push/node_modules/sleep
274 silly lifecycle sleep@5.1.1~install: Args: [ '-c', 'node-gyp rebuild' ]
275 silly lifecycle sleep@5.1.1~install: Returned: code: 1  signal: null
276 info lifecycle sleep@5.1.1~install: Failed to exec install script
277 verbose unlock done using /home/gaonan-iri/.npm/_locks/staging-0c4829c2f71f6dbd.lock for /home/gaonan-iri/server-push/node_modules/.staging
278 silly rollbackFailedOptional Starting
279 silly rollbackFailedOptional Finishing
280 silly runTopLevelLifecycles Finishing
281 silly install printInstalled
282 verbose stack Error: sleep@5.1.1 install: `node-gyp rebuild`
282 verbose stack Exit status 1
282 verbose stack     at EventEmitter.<anonymous> (/usr/local/lib/node_modules/npm/lib/utils/lifecycle.js:255:16)
282 verbose stack     at emitTwo (events.js:106:13)
282 verbose stack     at EventEmitter.emit (events.js:191:7)
282 verbose stack     at ChildProcess.<anonymous> (/usr/local/lib/node_modules/npm/lib/utils/spawn.js:40:14)
282 verbose stack     at emitTwo (events.js:106:13)
282 verbose stack     at ChildProcess.emit (events.js:191:7)
282 verbose stack     at maybeClose (internal/child_process.js:877:16)
282 verbose stack     at Process.ChildProcess._handle.onexit (internal/child_process.js:226:5)
283 verbose pkgid sleep@5.1.1
284 verbose cwd /home/gaonan-iri/server-push
285 error Linux 2.6.32-2.0.0.6-5
286 error argv "/usr/local/bin/node" "/usr/local/bin/npm" "install" "sleep"
287 error node v6.9.0
288 error npm  v3.10.8
289 error code ELIFECYCLE
290 error sleep@5.1.1 install: `node-gyp rebuild`
290 error Exit status 1
291 error Failed at the sleep@5.1.1 install script 'node-gyp rebuild'.
291 error Make sure you have the latest version of node.js and npm installed.
291 error If you do, this is most likely a problem with the sleep package,
291 error not with npm itself.
291 error Tell the author that this fails on your system:
291 error     node-gyp rebuild
291 error You can get information on how to open an issue for this project with:
291 error     npm bugs sleep
291 error Or if that isn't available, you can get their info via:
291 error     npm owner ls sleep
291 error There is likely additional logging output above.
292 verbose exit [ 1, true ]
